\BOOKMARK [1][-]{section.1}{\376\377\000S\000p\000a\000z\000i\000\040\000d\000i\000\040\000p\000r\000o\000b\000a\000b\000i\000l\000i\000t\000\340}{}% 1
\BOOKMARK [2][-]{subsection.1.1}{\376\377\000T\000e\000o\000r\000i\000a\000\040\000d\000e\000g\000l\000i\000\040\000i\000n\000s\000i\000e\000m\000i}{section.1}% 2
\BOOKMARK [2][-]{subsection.1.2}{\376\377\000M\000o\000d\000e\000l\000l\000o\000\040\000m\000a\000t\000e\000m\000a\000t\000i\000c\000o\000\040\000d\000i\000\040\000u\000n\000\040\000e\000s\000p\000e\000r\000i\000m\000e\000n\000t\000o\000\040\000a\000l\000e\000a\000t\000o\000r\000i\000o}{section.1}% 3
\BOOKMARK [2][-]{subsection.1.3}{\376\377\000A\000s\000s\000i\000o\000m\000i\000\040\000d\000e\000l\000l\000a\000\040\000p\000r\000o\000b\000a\000b\000i\000l\000i\000t\000\340}{section.1}% 4
\BOOKMARK [2][-]{subsection.1.4}{\376\377\000C\000o\000n\000s\000e\000g\000u\000e\000n\000z\000e\000\040\000d\000e\000g\000l\000i\000\040\000a\000s\000s\000i\000o\000m\000i}{section.1}% 5
\BOOKMARK [1][-]{section.2}{\376\377\000P\000r\000o\000b\000a\000b\000i\000l\000i\000t\000\340\000\040\000c\000o\000d\000i\000z\000i\000o\000n\000a\000t\000a\000\040\000e\000\040\000i\000n\000d\000i\000p\000i\000d\000e\000n\000z\000a}{}% 6
\BOOKMARK [2][-]{subsection.2.1}{\376\377\000R\000e\000g\000o\000l\000a\000\040\000d\000e\000l\000l\000a\000\040\000c\000a\000t\000e\000n\000a}{section.2}% 7
\BOOKMARK [2][-]{subsection.2.2}{\376\377\000E\000v\000e\000n\000t\000i\000\040\000i\000n\000d\000i\000p\000e\000n\000d\000e\000n\000t\000i}{section.2}% 8
\BOOKMARK [2][-]{subsection.2.3}{\376\377\000F\000o\000r\000m\000u\000l\000a\000\040\000d\000e\000l\000l\000e\000\040\000p\000r\000o\000b\000a\000b\000i\000l\000i\000t\000\340\000\040\000t\000o\000t\000a\000l\000i}{section.2}% 9
\BOOKMARK [2][-]{subsection.2.4}{\376\377\000F\000o\000r\000m\000u\000l\000a\000\040\000d\000i\000\040\000B\000a\000y\000e\000s}{section.2}% 10
\BOOKMARK [1][-]{section.3}{\376\377\000C\000a\000l\000c\000o\000l\000o\000\040\000c\000o\000m\000b\000i\000n\000a\000t\000o\000r\000i\000o}{}% 11
\BOOKMARK [2][-]{subsection.3.1}{\376\377\000C\000a\000r\000d\000i\000n\000a\000l\000i\000t\000\340\000\040\000e\000\040\000c\000o\000r\000r\000i\000s\000p\000o\000n\000d\000e\000n\000z\000a\000\040\000b\000i\000u\000n\000i\000v\000o\000c\000a}{section.3}% 12
\BOOKMARK [2][-]{subsection.3.2}{\376\377\000F\000a\000t\000t\000o\000r\000i\000a\000l\000e\000\040\000e\000\040\000c\000o\000e\000f\000f\000i\000c\000i\000e\000n\000t\000e\000\040\000b\000i\000n\000o\000m\000i\000a\000l\000e}{section.3}% 13
\BOOKMARK [2][-]{subsection.3.3}{\376\377\000M\000e\000t\000o\000d\000o\000\040\000d\000e\000l\000l\000e\000\040\000s\000c\000e\000l\000t\000e\000\040\000s\000u\000c\000c\000e\000s\000s\000i\000v\000e}{section.3}% 14
\BOOKMARK [2][-]{subsection.3.4}{\376\377\000D\000i\000s\000p\000o\000s\000i\000z\000i\000o\000n\000i\000\040\000e\000\040\000c\000o\000m\000b\000i\000n\000a\000z\000i\000o\000n\000i}{section.3}% 15
\BOOKMARK [1][-]{section.3}{\376\377\000V\000a\000r\000i\000a\000b\000i\000l\000i\000\040\000a\000l\000e\000a\000t\000o\000r\000i\000e}{}% 16
\BOOKMARK [2][-]{subsection.3.1}{\376\377\000D\000i\000s\000t\000r\000i\000b\000u\000z\000i\000o\000n\000e\000\040\000d\000i\000\040\000u\000n\000a\000\040\000v\000a\000r\000i\000a\000b\000i\000l\000e\000\040\000a\000l\000e\000a\000t\000o\000r\000i\000a}{section.3}% 17
\BOOKMARK [2][-]{subsection.3.2}{\376\377\000F\000u\000n\000z\000i\000o\000n\000e\000\040\000d\000i\000\040\000r\000i\000p\000a\000r\000t\000i\000z\000i\000o\000n\000e\000\040\000\050\000C\000D\000F\000\051}{section.3}% 18
\BOOKMARK [1][-]{section.4}{\376\377\000V\000a\000r\000i\000a\000b\000i\000l\000i\000\040\000a\000l\000e\000a\000t\000o\000r\000i\000e\000\040\000d\000i\000s\000c\000r\000e\000t\000e}{}% 19
\BOOKMARK [2][-]{subsection.4.1}{\376\377\000C\000a\000r\000a\000t\000t\000e\000r\000i\000z\000z\000a\000z\000i\000o\000n\000e\000\040\000d\000e\000l\000l\000e\000\040\000v\000a\000r\000i\000a\000b\000i\000l\000i\000\040\000a\000l\000e\000a\000t\000o\000r\000i\000e\000\040\000d\000i\000s\000c\000r\000e\000t\000e}{section.4}% 20
\BOOKMARK [2][-]{subsection.4.2}{\376\377\000I\000n\000d\000i\000c\000i\000\040\000d\000i\000\040\000s\000i\000n\000t\000e\000s\000i\000\040\000d\000i\000\040\000u\000n\000a\000\040\000d\000i\000s\000t\000r\000i\000b\000u\000z\000i\000o\000n\000e\000:\000\040\000\040\000e\000\040\0002}{section.4}% 21
\BOOKMARK [3][-]{subsubsection.4.2.1}{\376\377\000M\000e\000d\000i\000a\000\040\000o\000\040\000v\000a\000l\000o\000r\000e\000\040\000a\000t\000t\000e\000s\000o}{subsection.4.2}% 22
\BOOKMARK [3][-]{subsubsection.4.2.2}{\376\377\000V\000a\000r\000i\000a\000n\000z\000a}{subsection.4.2}% 23
\BOOKMARK [2][-]{subsection.4.3}{\376\377\000D\000i\000s\000t\000r\000i\000b\000u\000z\000i\000o\000n\000i\000\040\000d\000i\000s\000c\000r\000e\000t\000e\000\040\000n\000o\000t\000e\000v\000o\000l\000i}{section.4}% 24
\BOOKMARK [1][-]{section.5}{\376\377\000V\000a\000r\000i\000a\000b\000i\000l\000i\000\040\000a\000l\000e\000a\000t\000o\000r\000i\000e\000\040\000c\000o\000n\000t\000i\000n\000u\000e}{}% 25
\BOOKMARK [2][-]{subsection.5.1}{\376\377\000D\000e\000f\000i\000n\000i\000z\000i\000o\000n\000i\000\040\000d\000i\000\040\000d\000e\000n\000s\000i\000t\000a\000'\000\040\000c\000o\000n\000t\000i\000n\000u\000a\000\040\000e\000\040\000v\000.\000a\000.\000\040\000c\000o\000n\000t\000i\000n\000u\000a}{section.5}% 26
\BOOKMARK [3][-]{subsubsection.5.1.1}{\376\377\000D\000a\000l\000l\000a\000\040\000f\000u\000n\000z\000i\000o\000n\000e\000\040\000d\000i\000\040\000r\000i\000p\000a\000r\000t\000i\000z\000i\000o\000n\000e\000\040\000a\000l\000l\000a\000\040\000d\000e\000n\000s\000i\000t\000`\000a\000\040\000c\000o\000n\000t\000i\000n\000u\000a}{subsection.5.1}% 27
\BOOKMARK [3][-]{subsubsection.5.1.2}{\376\377\000F\000u\000n\000z\000i\000o\000n\000i\000\040\000d\000i\000\040\000v\000a\000r\000i\000a\000b\000i\000l\000i\000\040\000a\000l\000e\000a\000t\000o\000r\000i\000e\000\040\000c\000o\000n\000t\000i\000n\000u\000e}{subsection.5.1}% 28
\BOOKMARK [2][-]{subsection.5.2}{\376\377\000I\000n\000d\000i\000c\000i\000\040\000d\000i\000\040\000s\000i\000n\000t\000e\000s\000i\000\040\000d\000i\000\040\000u\000n\000a\000\040\000d\000i\000s\000t\000r\000i\000b\000u\000z\000i\000o\000n\000e\000:\000\040\000\040\000e\000\040\0002}{section.5}% 29
\BOOKMARK [3][-]{subsubsection.5.2.1}{\376\377\000M\000e\000d\000i\000a\000\040\000o\000\040\000v\000a\000l\000o\000r\000e\000\040\000a\000t\000t\000e\000s\000o}{subsection.5.2}% 30
\BOOKMARK [3][-]{subsubsection.5.2.2}{\376\377\000V\000a\000r\000i\000a\000n\000z\000a}{subsection.5.2}% 31
\BOOKMARK [2][-]{subsection.5.3}{\376\377\000D\000i\000s\000t\000r\000i\000b\000u\000z\000i\000o\000n\000i\000\040\000c\000o\000n\000t\000i\000n\000u\000e\000\040\000n\000o\000t\000e\000v\000o\000l\000i}{section.5}% 32
\BOOKMARK [1][-]{section.6}{\376\377\000V\000e\000t\000t\000o\000r\000i\000\040\000a\000l\000e\000a\000t\000o\000r\000i}{}% 33
