\BOOKMARK [1][-]{section.1}{\376\377\000H\000T\000T\000P}{}% 1
\BOOKMARK [1][-]{section.2}{\376\377\000H\000T\000T\000P\000/\0001\000.\0001}{}% 2
\BOOKMARK [1][-]{section.3}{\376\377\000H\000T\000T\000P\000/\0002}{}% 3
\BOOKMARK [1][-]{section.4}{\376\377\000H\000T\000T\000P\000/\0003}{}% 4
\BOOKMARK [1][-]{section.5}{\376\377\000U\000R\000I}{}% 5
\BOOKMARK [2][-]{subsection.5.1}{\376\377\000R\000o\000u\000t\000e}{section.5}% 6
\BOOKMARK [2][-]{subsection.5.2}{\376\377\000P\000r\000o\000t\000o\000c\000o\000l\000l\000i\000\040\000m\000o\000r\000t\000i}{section.5}% 7
\BOOKMARK [1][-]{section.6}{\376\377\000A\000P\000I\000\040\000R\000E\000S\000T}{}% 8
\BOOKMARK [2][-]{subsection.6.1}{\376\377\000H\000T\000T\000P\000\040\000C\000a\000c\000h\000i\000n\000g}{section.6}% 9
\BOOKMARK [1][-]{section.7}{\376\377\000B\000a\000s\000e\0006\0004}{}% 10
\BOOKMARK [1][-]{section.8}{\376\377\000J\000S\000O\000N\000\040\000W\000e\000b\000\040\000T\000o\000k\000e\000n}{}% 11
\BOOKMARK [1][-]{section.9}{\376\377\000C\000O\000R\000S}{}% 12
\BOOKMARK [1][-]{section.10}{\376\377\000H\000T\000M\000L}{}% 13
\BOOKMARK [2][-]{subsection.10.1}{\376\377\000A\000t\000t\000r\000i\000b\000u\000t\000i\000\040\000g\000l\000o\000b\000a\000l\000i}{section.10}% 14
\BOOKMARK [2][-]{subsection.10.2}{\376\377\000L\000u\000n\000g\000h\000e\000z\000z\000e}{section.10}% 15
\BOOKMARK [1][-]{section.11}{\376\377\000H\000T\000M\000L\0005}{}% 16
\BOOKMARK [1][-]{section.12}{\376\377\000C\000S\000S}{}% 17
\BOOKMARK [2][-]{subsection.12.1}{\376\377\000P\000r\000i\000o\000r\000i\000t\000a\000'\000C\000S\000S}{section.12}% 18
\BOOKMARK [1][-]{section.13}{\376\377\000J\000a\000v\000a\000s\000c\000r\000i\000p\000t}{}% 19
\BOOKMARK [2][-]{subsection.13.1}{\376\377\000A\000c\000c\000e\000s\000s\000o\000\040\000a\000l\000l\000e\000\040\000p\000r\000o\000p\000r\000i\000e\000t\000\340\000\040\000d\000i\000\040\000u\000n\000\040\000o\000g\000g\000e\000t\000t\000o\000\040\000i\000n\000\040\000J\000a\000v\000a\000S\000c\000r\000i\000p\000t}{section.13}% 20
\BOOKMARK [1][-]{section.14}{\376\377\000J\000s\000o\000n}{}% 21
\BOOKMARK [1][-]{section.15}{\376\377\000I\000l\000\040\000D\000o\000c\000u\000m\000e\000n\000t\000\040\000O\000b\000j\000e\000c\000t\000\040\000M\000o\000d\000e\000l\000\040\000\050\000D\000O\000M\000\051}{}% 22
\BOOKMARK [2][-]{subsection.15.1}{\376\377\000S\000e\000l\000e\000t\000t\000o\000r\000i\000\040\000b\000a\000s\000e\000\040\000H\000T\000M\000L\000\040\000i\000n\000\040\000D\000O\000M}{section.15}% 23
\BOOKMARK [1][-]{section.16}{\376\377\000T\000y\000p\000e\000s\000c\000r\000i\000p\000t}{}% 24
\BOOKMARK [1][-]{section.17}{\376\377\000N\000o\000d\000e\000.\000j\000s}{}% 25
\BOOKMARK [1][-]{section.18}{\376\377\000E\000x\000p\000r\000e\000s\000s\000.\000j\000s}{}% 26
