\BOOKMARK [1][-]{section.1}{\376\377\000M\000a\000c\000c\000h\000i\000n\000e\000\040\000a\000s\000t\000r\000a\000t\000t\000e\000,\000\040\000i\000n\000t\000e\000r\000p\000r\000e\000t\000i\000\040\000e\000\040\000c\000o\000m\000p\000i\000l\000a\000t\000o\000r\000i}{}% 1
\BOOKMARK [2][-]{subsection.1.1}{\376\377\000I\000n\000t\000e\000r\000p\000r\000e\000t\000a\000z\000i\000o\000n\000e\000\040\000p\000u\000r\000a}{section.1}% 2
\BOOKMARK [2][-]{subsection.1.2}{\376\377\000C\000o\000m\000p\000i\000l\000a\000z\000i\000o\000n\000e\000\040\000p\000u\000r\000a}{section.1}% 3
\BOOKMARK [2][-]{subsection.1.3}{\376\377\000C\000o\000m\000p\000i\000l\000a\000z\000i\000o\000n\000e\000\040\000o\000\040\000i\000n\000t\000e\000r\000p\000r\000e\000t\000a\000z\000i\000o\000n\000e\000?}{section.1}% 4
\BOOKMARK [1][-]{section.2}{\376\377\000D\000e\000s\000c\000r\000i\000v\000e\000r\000e\000\040\000u\000n\000\040\000l\000i\000n\000g\000u\000a\000g\000g\000i\000o\000\040\000d\000i\000\040\000p\000r\000o\000g\000r\000a\000m\000m\000a\000z\000i\000o\000n\000e}{}% 5
\BOOKMARK [2][-]{subsection.2.1}{\376\377\000N\000o\000t\000a\000z\000i\000o\000n\000i}{section.2}% 6
\BOOKMARK [2][-]{subsection.2.2}{\376\377\000O\000p\000e\000r\000a\000z\000i\000o\000n\000i\000\040\000s\000u\000i\000\040\000l\000i\000n\000g\000u\000a\000g\000g\000i}{section.2}% 7
\BOOKMARK [2][-]{subsection.2.3}{\376\377\000R\000a\000p\000p\000r\000e\000s\000e\000n\000t\000a\000z\000i\000o\000n\000e\000\040\000f\000i\000n\000i\000t\000e\000\040\000d\000e\000i\000\040\000l\000i\000n\000g\000u\000a\000g\000g\000i}{section.2}% 8
\BOOKMARK [2][-]{subsection.2.4}{\376\377\000D\000e\000f\000i\000n\000i\000r\000e\000\040\000u\000n\000\040\000l\000i\000n\000g\000u\000a\000g\000g\000i\000o}{section.2}% 9
\BOOKMARK [2][-]{subsection.2.5}{\376\377\000C\000o\000m\000e\000\040\000d\000e\000r\000i\000v\000a\000r\000e\000\040\000u\000n\000a\000\040\000s\000t\000r\000i\000n\000g\000a\000?}{section.2}% 10
\BOOKMARK [2][-]{subsection.2.6}{\376\377\000G\000r\000a\000m\000m\000a\000t\000i\000c\000h\000e}{section.2}% 11
\BOOKMARK [2][-]{subsection.2.7}{\376\377\000D\000e\000r\000i\000v\000a\000z\000i\000o\000n\000i}{section.2}% 12
\BOOKMARK [2][-]{subsection.2.8}{\376\377\000L\000i\000n\000g\000u\000a\000g\000g\000i\000o\000\040\000g\000e\000n\000e\000r\000a\000t\000i\000v\000o}{section.2}% 13
\BOOKMARK [1][-]{section.3}{\376\377\000D\000e\000r\000i\000v\000a\000z\000i\000o\000n\000i\000\040\000e\000d\000\040\000a\000l\000b\000e\000r\000i}{}% 14
\BOOKMARK [2][-]{subsection.3.1}{\376\377\000A\000l\000b\000e\000r\000o\000\040\000d\000i\000\040\000P\000a\000r\000s\000i\000n\000g}{section.3}% 15
\BOOKMARK [2][-]{subsection.3.2}{\376\377\000A\000m\000b\000i\000g\000u\000i\000t\000\340}{section.3}% 16
\BOOKMARK [2][-]{subsection.3.3}{\376\377\000G\000r\000a\000m\000m\000a\000t\000i\000c\000a\000\040\000c\000o\000n\000c\000r\000e\000t\000a}{section.3}% 17
\BOOKMARK [1][-]{section.4}{\376\377\000V\000a\000r\000i\000a\000b\000i\000l\000i\000\040\000s\000i\000n\000t\000a\000t\000t\000i\000c\000i\000\040\000c\000o\000n\000t\000e\000s\000t\000u\000a\000l\000i}{}% 18
\BOOKMARK [2][-]{subsection.4.1}{\376\377\000C\000o\000m\000e\000\040\000s\000i\000\040\000f\000a\000\040\000a\000\040\000d\000e\000f\000i\000n\000i\000r\000e\000\040\000l\000a\000\040\000s\000e\000m\000a\000n\000t\000i\000c\000a\000?}{section.4}% 19
\BOOKMARK [2][-]{subsection.4.2}{\376\377\000F\000a\000s\000i\000\040\000d\000i\000\040\000u\000n\000\040\000c\000o\000m\000p\000i\000l\000a\000t\000o\000r\000e}{section.4}% 20
\BOOKMARK [1][-]{section.5}{\376\377\000S\000e\000m\000a\000n\000t\000i\000c\000a\000\040\000o\000p\000e\000r\000a\000z\000i\000o\000n\000a\000l\000e\000\040\000s\000t\000r\000u\000t\000t\000u\000r\000a\000l\000e}{}% 21
\BOOKMARK [2][-]{subsection.5.1}{\376\377\000I\000n\000d\000u\000z\000i\000o\000n\000e\000\040\000s\000t\000r\000u\000t\000t\000u\000r\000a\000l\000e}{section.5}% 22
\BOOKMARK [2][-]{subsection.5.2}{\376\377\000S\000e\000m\000a\000n\000t\000i\000c\000a\000\040\000d\000e\000l\000l\000e\000\040\000e\000s\000p\000r\000e\000s\000s\000i\000o\000n\000i\000\040\000b\000o\000o\000l\000e\000a\000n\000e}{section.5}% 23
\BOOKMARK [2][-]{subsection.5.3}{\376\377\000S\000e\000m\000a\000n\000t\000i\000c\000a\000\040\000d\000e\000i\000\040\000c\000o\000m\000a\000n\000d\000i}{section.5}% 24
\BOOKMARK [2][-]{subsection.5.4}{\376\377\000E\000r\000r\000o\000r\000i\000\040\000d\000i\000n\000a\000m\000i\000c\000i\000\040\000\050\000a\000\040\000r\000u\000n\000t\000i\000m\000e\000\051}{section.5}% 25
\BOOKMARK [2][-]{subsection.5.5}{\376\377\000N\000o\000n\000d\000e\000t\000e\000r\000m\000i\000n\000i\000s\000m\000o\000\040\000e\000\040\000P\000a\000r\000a\000l\000l\000e\000l\000i\000s\000m\000o}{section.5}% 26
\BOOKMARK [1][-]{section.6}{\376\377\000A\000n\000a\000l\000i\000s\000i\000\040\000L\000e\000s\000s\000i\000c\000a\000l\000e\000\040\000-\000\040\000l\000i\000n\000g\000u\000a\000g\000g\000i\000\040\000r\000e\000g\000o\000l\000a\000r\000i}{}% 27
\BOOKMARK [2][-]{subsection.6.1}{\376\377\000E\000s\000p\000r\000e\000s\000s\000i\000o\000n\000i\000\040\000r\000e\000g\000o\000l\000a\000r\000i}{section.6}% 28
\BOOKMARK [2][-]{subsection.6.2}{\376\377\000L\000i\000n\000g\000u\000a\000g\000g\000i\000o\000\040\000d\000e\000n\000o\000t\000a\000t\000o\000\040\000d\000a\000\040\000u\000n\000a\000\040\000e\000s\000p\000r\000e\000s\000s\000i\000o\000n\000e\000\040\000r\000e\000g\000o\000l\000a\000r\000e}{section.6}% 29
\BOOKMARK [2][-]{subsection.6.3}{\376\377\000E\000q\000u\000i\000v\000a\000l\000e\000n\000z\000a\000\040\000t\000r\000a\000\040\000e\000s\000p\000r\000e\000s\000s\000i\000o\000n\000i\000\040\000r\000e\000g\000o\000l\000a\000r\000i}{section.6}% 30
\BOOKMARK [2][-]{subsection.6.4}{\376\377\000A\000u\000t\000o\000m\000i\000\040\000\050\000a\000\040\000s\000t\000a\000t\000i\000\051\000\040\000f\000i\000n\000i\000t\000i}{section.6}% 31
\BOOKMARK [2][-]{subsection.6.5}{\376\377\000A\000u\000t\000o\000m\000i\000\040\000f\000i\000n\000i\000t\000i\000\040\000n\000o\000n\000d\000e\000t\000e\000r\000m\000i\000n\000i\000s\000t\000i\000c\000i}{section.6}% 32
\BOOKMARK [2][-]{subsection.6.6}{\376\377\000L\000i\000n\000g\000u\000a\000g\000g\000i\000o\000\040\000r\000i\000c\000o\000n\000o\000s\000c\000i\000u\000t\000o\000\040\000/\000\040\000a\000c\000c\000e\000t\000t\000a\000t\000o}{section.6}% 33
\BOOKMARK [2][-]{subsection.6.7}{\376\377\000A\000u\000t\000o\000m\000i\000\040\000f\000i\000n\000i\000t\000i\000\040\000d\000e\000t\000e\000r\000m\000i\000n\000i\000s\000t\000i\000c\000i}{section.6}% 34
\BOOKMARK [2][-]{subsection.6.8}{\376\377\000-\000c\000l\000o\000s\000u\000r\000e\000\040\000e\000\040\000m\000o\000s\000s\000e}{section.6}% 35
\BOOKMARK [2][-]{subsection.6.9}{\376\377\000A\000l\000g\000o\000r\000i\000t\000m\000o\000\040\000p\000e\000r\000\040\000c\000a\000l\000c\000o\000l\000a\000r\000e\000\040\000l\000a\000\040\000-\000c\000l\000o\000s\000u\000r\000e\000\040\000\050\000P\000\051}{section.6}% 36
\BOOKMARK [2][-]{subsection.6.10}{\376\377\000C\000o\000s\000t\000r\000u\000z\000i\000o\000n\000e\000\040\000d\000e\000i\000\040\000s\000o\000t\000t\000o\000i\000n\000s\000i\000m\000i}{section.6}% 37
\BOOKMARK [2][-]{subsection.6.11}{\376\377\000E\000q\000u\000i\000v\000a\000l\000e\000n\000z\000a\000\040\000N\000F\000A\000-\000D\000F\000A}{section.6}% 38
\BOOKMARK [1][-]{section.7}{\376\377\000D\000a\000\040\000e\000s\000p\000r\000e\000s\000s\000i\000o\000n\000i\000\040\000r\000e\000g\000o\000l\000a\000r\000i\000\040\000a\000\040\000N\000F\000A\000\040\000e\000q\000u\000i\000v\000a\000l\000e\000n\000t\000i}{}% 39
\BOOKMARK [2][-]{subsection.7.1}{\376\377\000G\000r\000a\000m\000m\000a\000t\000i\000c\000h\000e\000\040\000r\000e\000g\000o\000l\000a\000r\000i}{section.7}% 40
\BOOKMARK [2][-]{subsection.7.2}{\376\377\000G\000r\000a\000m\000m\000a\000t\000i\000c\000h\000e\000\040\000r\000e\000g\000o\000l\000a\000r\000i\000\040\000e\000d\000\040\000e\000s\000p\000r\000e\000s\000s\000i\000o\000n\000i\000\040\000r\000e\000g\000o\000l\000a\000r\000i}{section.7}% 41
\BOOKMARK [1][-]{section.8}{\376\377\000M\000i\000n\000i\000m\000i\000z\000z\000a\000z\000i\000o\000n\000e}{}% 42
\BOOKMARK [2][-]{subsection.8.1}{\376\377\000E\000q\000u\000i\000v\000a\000l\000e\000n\000z\000a\000\040\000/\000\040\000I\000n\000s\000t\000i\000n\000g\000u\000i\000b\000i\000l\000i\000t\000\340}{section.8}% 43
\BOOKMARK [2][-]{subsection.8.2}{\376\377\000A\000l\000g\000o\000r\000i\000t\000m\000o\000\040\000i\000t\000e\000r\000a\000t\000i\000v\000o\000\040\000\050\000T\000a\000b\000e\000l\000l\000a\000\040\000a\000\040\000s\000c\000a\000l\000a\000\051}{section.8}% 44
\BOOKMARK [2][-]{subsection.8.3}{\376\377\000A\000u\000t\000o\000m\000a\000\040\000m\000i\000n\000i\000m\000o}{section.8}% 45
\BOOKMARK [1][-]{section.9}{\376\377\000L\000e\000x\000:\000\040\000G\000e\000n\000e\000r\000a\000t\000o\000r\000e\000\040\000d\000i\000\040\000S\000c\000a\000n\000n\000e\000r}{}% 46
\BOOKMARK [2][-]{subsection.9.1}{\376\377\000C\000o\000m\000e\000\040\000\350\000\040\000f\000a\000t\000t\000o\000\040\000u\000n\000\040\000f\000i\000l\000e\000\040\000d\000i\000\040\000i\000n\000p\000u\000t\000\040\000l\000e\000x\000.\000l\000?}{section.9}% 47
\BOOKMARK [2][-]{subsection.9.2}{\376\377\000U\000t\000i\000l\000i\000z\000z\000o\000\040\000c\000o\000n\000\040\000Y\000A\000C\000C}{section.9}% 48
\BOOKMARK [2][-]{subsection.9.3}{\376\377\000P\000r\000o\000p\000r\000i\000e\000t\000\340\000\040\000a\000l\000g\000o\000r\000i\000t\000m\000i\000c\000h\000e\000\040\000d\000e\000i\000\040\000l\000i\000n\000g\000u\000a\000g\000g\000i\000\040\000r\000e\000g\000o\000l\000a\000r\000i}{section.9}% 49
\BOOKMARK [2][-]{subsection.9.4}{\376\377\000P\000u\000m\000p\000i\000n\000g\000\040\000L\000e\000m\000m\000a}{section.9}% 50
\BOOKMARK [1][-]{section.10}{\376\377\000A\000n\000a\000l\000i\000s\000i\000\040\000s\000i\000n\000t\000a\000t\000t\000i\000c\000a\000:\000\040\000l\000i\000n\000g\000u\000a\000g\000g\000i\000\040\000l\000i\000b\000e\000r\000i}{}% 51
\BOOKMARK [2][-]{subsection.10.1}{\376\377\000A\000n\000a\000l\000i\000s\000i\000\040\000s\000i\000n\000t\000a\000t\000t\000i\000c\000a}{section.10}% 52
\BOOKMARK [2][-]{subsection.10.2}{\376\377\000L\000i\000n\000g\000u\000a\000g\000g\000i\000o\000\040\000a\000c\000c\000e\000t\000t\000a\000t\000o}{section.10}% 53
\BOOKMARK [1][-]{section.11}{\376\377\000P\000r\000o\000p\000r\000i\000e\000t\000\340\000\040\000d\000i\000\040\000c\000h\000i\000u\000s\000u\000r\000a}{}% 54
\BOOKMARK [2][-]{subsection.11.1}{\376\377\000A\000p\000p\000l\000i\000c\000a\000z\000i\000o\000n\000e\000\040\000d\000e\000l\000\040\000t\000e\000o\000r\000e\000m\000a}{section.11}% 55
\BOOKMARK [2][-]{subsection.11.2}{\376\377\000P\000u\000m\000p\000i\000n\000g\000\040\000T\000h\000e\000o\000r\000e\000m}{section.11}% 56
\BOOKMARK [2][-]{subsection.11.3}{\376\377\000C\000l\000a\000s\000s\000i\000f\000i\000c\000a\000z\000i\000o\000n\000e\000\040\000d\000i\000\040\000C\000h\000o\000m\000s\000k\000y}{section.11}% 57
\BOOKMARK [1][-]{section.12}{\376\377\000P\000D\000A\000\040\000e\000\040\000l\000i\000n\000g\000u\000a\000g\000g\000i\000\040\000d\000e\000t\000e\000r\000m\000i\000n\000i\000s\000t\000i\000c\000i}{}% 58
\BOOKMARK [2][-]{subsection.12.1}{\376\377\000P\000r\000o\000p\000r\000i\000e\000t\000a\000'\000\040\000d\000e\000i\000\040\000l\000i\000n\000g\000u\000a\000g\000g\000i\000\040\000l\000i\000b\000e\000r\000i\000\040\000d\000e\000t\000e\000r\000m\000i\000n\000i\000s\000t\000i\000c\000i}{section.12}% 59
\BOOKMARK [2][-]{subsection.12.2}{\376\377\000A\000n\000a\000l\000i\000z\000z\000a\000t\000o\000r\000i\000\040\000s\000i\000n\000t\000a\000t\000t\000i\000c\000i\000\040\000\050\000P\000a\000r\000s\000e\000r\000\051}{section.12}% 60
\BOOKMARK [1][-]{section.13}{\376\377\000S\000e\000m\000p\000l\000i\000f\000i\000c\000a\000r\000e\000\040\000l\000e\000\040\000g\000r\000a\000m\000m\000a\000t\000i\000c\000h\000e}{}% 61
\BOOKMARK [2][-]{subsection.13.1}{\376\377\000E\000l\000i\000m\000i\000n\000a\000r\000e\000\040\000l\000e\000\040\000p\000r\000o\000d\000u\000z\000i\000o\000n\000e\000\040}{section.13}% 62
\BOOKMARK [2][-]{subsection.13.2}{\376\377\000E\000l\000i\000m\000i\000n\000a\000r\000e\000\040\000l\000e\000\040\000p\000r\000o\000d\000u\000z\000i\000o\000n\000i\000\040\000u\000n\000i\000t\000a\000r\000i\000e}{section.13}% 63
\BOOKMARK [2][-]{subsection.13.3}{\376\377\000R\000i\000m\000u\000o\000r\000e\000\040\000i\000\040\000s\000i\000m\000b\000o\000l\000i\000\040\000i\000n\000u\000t\000i\000l\000i}{section.13}% 64
\BOOKMARK [2][-]{subsection.13.4}{\376\377\000C\000o\000m\000e\000\040\000c\000a\000l\000c\000o\000l\000a\000r\000e\000\040\000i\000\040\000g\000e\000n\000e\000r\000a\000t\000o\000r\000i\000?}{section.13}% 65
\BOOKMARK [2][-]{subsection.13.5}{\376\377\000C\000o\000m\000e\000\040\000c\000a\000l\000c\000o\000l\000a\000r\000e\000\040\000i\000\040\000r\000a\000g\000g\000i\000u\000n\000g\000i\000b\000i\000l\000i\000?}{section.13}% 66
\BOOKMARK [2][-]{subsection.13.6}{\376\377\000C\000o\000m\000e\000\040\000r\000i\000m\000u\000o\000v\000e\000r\000e\000\040\000i\000\040\000s\000i\000m\000b\000o\000l\000i\000\040\000i\000n\000u\000t\000i\000l\000i\000?}{section.13}% 67
\BOOKMARK [2][-]{subsection.13.7}{\376\377\000E\000l\000i\000m\000i\000n\000a\000r\000e\000\040\000i\000\040\000s\000i\000m\000b\000o\000l\000i\000\040\000i\000n\000u\000t\000i\000l\000i}{section.13}% 68
\BOOKMARK [2][-]{subsection.13.8}{\376\377\000F\000o\000r\000m\000e\000\040\000n\000o\000r\000m\000a\000l\000i}{section.13}% 69
\BOOKMARK [2][-]{subsection.13.9}{\376\377\000E\000l\000i\000m\000i\000n\000a\000r\000e\000\040\000l\000a\000\040\000r\000i\000c\000o\000r\000s\000i\000o\000n\000e\000\040\000s\000i\000n\000i\000s\000t\000r\000a}{section.13}% 70
\BOOKMARK [1][-]{section.14}{\376\377\000P\000a\000r\000s\000e\000r\000\040\000t\000o\000p\000-\000d\000o\000w\000n}{}% 71
\BOOKMARK [2][-]{subsection.14.1}{\376\377\000F\000i\000r\000s\000t}{section.14}% 72
\BOOKMARK [2][-]{subsection.14.2}{\376\377\000F\000o\000l\000l\000o\000w}{section.14}% 73
\BOOKMARK [2][-]{subsection.14.3}{\376\377\000T\000a\000b\000e\000l\000l\000a\000\040\000d\000i\000\040\000p\000a\000r\000s\000i\000n\000g\000\040\000L\000L\000\050\0001\000\051}{section.14}% 74
\BOOKMARK [2][-]{subsection.14.4}{\376\377\000P\000a\000r\000s\000e\000r\000\040\000L\000L\000\050\0001\000\051\000\040\000n\000o\000n\000\040\000r\000i\000c\000o\000r\000s\000i\000v\000o}{section.14}% 75
\BOOKMARK [2][-]{subsection.14.5}{\376\377\000G\000r\000a\000m\000m\000a\000t\000i\000c\000h\000e\000\040\000L\000L\000\050\000k\000\051}{section.14}% 76
\BOOKMARK [1][-]{section.15}{\376\377\000P\000a\000r\000s\000e\000r\000\040\000b\000o\000t\000t\000o\000m\000-\000u\000p}{}% 77
\BOOKMARK [2][-]{subsection.15.1}{\376\377\000P\000a\000r\000s\000e\000r\000\040\000s\000h\000i\000f\000t\000-\000r\000e\000d\000u\000c\000e\000\040\000n\000o\000n\000d\000e\000t\000e\000r\000m\000i\000s\000m\000o}{section.15}% 78
\BOOKMARK [2][-]{subsection.15.2}{\376\377\000C\000o\000m\000e\000\040\000r\000i\000s\000o\000l\000v\000e\000r\000e\000\040\000i\000\040\000c\000o\000n\000f\000l\000i\000t\000t\000i\000?}{section.15}% 79
\BOOKMARK [2][-]{subsection.15.3}{\376\377\000C\000o\000m\000e\000\040\000\350\000\040\000f\000a\000t\000t\000o\000\040\000u\000n\000\040\000p\000a\000r\000s\000e\000r\000\040\000L\000R\000?}{section.15}% 80
\BOOKMARK [2][-]{subsection.15.4}{\376\377\000M\000o\000s\000s\000e\000\040\000d\000e\000l\000\040\000p\000a\000r\000s\000e\000r\000\040\000L\000R}{section.15}% 81
\BOOKMARK [2][-]{subsection.15.5}{\376\377\000D\000F\000A\000\040\000d\000e\000i\000\040\000p\000r\000e\000f\000i\000s\000s\000i\000\040\000v\000i\000a\000b\000i\000l\000i\000\040\000/\000\040\000A\000u\000t\000o\000m\000a\000\040\000c\000a\000n\000o\000n\000i\000c\000o\000\040\000L\000R\000\050\000o\000\051}{section.15}% 82
\BOOKMARK [2][-]{subsection.15.6}{\376\377\000P\000r\000e\000f\000i\000s\000s\000o\000\040\000v\000i\000a\000b\000i\000l\000e}{section.15}% 83
\BOOKMARK [2][-]{subsection.15.7}{\376\377\000C\000o\000m\000e\000\040\000c\000o\000s\000t\000r\000u\000i\000r\000e\000\040\000l\000'\000N\000F\000A\000\040\000d\000e\000i\000\040\000p\000r\000e\000f\000i\000s\000s\000i\000\040\000v\000a\000i\000b\000i\000l\000i\000?}{section.15}% 84
\BOOKMARK [2][-]{subsection.15.8}{\376\377\000A\000u\000t\000o\000m\000a\000\040\000c\000a\000n\000o\000n\000i\000c\000o\000\040\000L\000R\000\050\000o\000\051}{section.15}% 85
\BOOKMARK [2][-]{subsection.15.9}{\376\377\000C\000o\000s\000t\000r\000u\000i\000z\000i\000o\000n\000e\000\040\000d\000i\000r\000e\000t\000t\000a\000\040\000d\000e\000l\000l\000'\000a\000u\000t\000o\000m\000a\000\040\000c\000a\000n\000o\000n\000i\000c\000o\000\040\000L\000R\000\050\000o\000\051}{section.15}% 86
\BOOKMARK [2][-]{subsection.15.10}{\376\377\000T\000a\000b\000e\000l\000l\000a\000\040\000d\000i\000\040\000p\000a\000r\000s\000i\000n\000g\000\040\000L\000R}{section.15}% 87
\BOOKMARK [2][-]{subsection.15.11}{\376\377\000I\000l\000\040\000g\000e\000n\000e\000r\000i\000c\000o\000\040\000P\000a\000r\000s\000e\000r\000\040\000L\000R}{section.15}% 88
\BOOKMARK [1][-]{section.16}{\376\377\000T\000a\000b\000e\000l\000l\000a\000\040\000d\000i\000\040\000P\000a\000r\000s\000i\000n\000g\000\040\000S\000L\000R\000\050\0001\000\051}{}% 89
\BOOKMARK [2][-]{subsection.16.1}{\376\377\000N\000F\000A\000\040\000L\000R\000\050\0001\000\051}{section.16}% 90
\BOOKMARK [2][-]{subsection.16.2}{\376\377\000A\000u\000t\000o\000m\000a\000\040\000c\000a\000n\000o\000n\000i\000c\000o\000\040\000L\000R\000\050\0001\000\051}{section.16}% 91
\BOOKMARK [2][-]{subsection.16.3}{\376\377\000C\000o\000m\000e\000\040\000s\000i\000\040\000d\000e\000v\000e\000\040\000r\000i\000e\000m\000p\000i\000r\000e\000\040\000l\000a\000\040\000t\000a\000b\000e\000l\000l\000a\000\040\000d\000i\000\040\000p\000a\000r\000s\000i\000n\000g\000\040\000L\000R\000\050\0001\000\051\000?}{section.16}% 92
\BOOKMARK [2][-]{subsection.16.4}{\376\377\000P\000a\000r\000s\000e\000r\000\040\000L\000A\000L\000R\000\050\0001\000\051}{section.16}% 93
\BOOKMARK [2][-]{subsection.16.5}{\376\377\000C\000o\000m\000e\000\040\000s\000i\000\040\000o\000t\000t\000i\000e\000n\000e\000\040\000i\000l\000\040\000p\000a\000r\000s\000e\000r\000\040\000L\000A\000L\000R\000\050\0001\000\051\000?}{section.16}% 94
\BOOKMARK [2][-]{subsection.16.6}{\376\377\000P\000a\000s\000s\000a\000n\000d\000o\000\040\000d\000a\000\040\000L\000R\000\050\0001\000\051\000\040\000a\000\040\000L\000A\000L\000R\000\050\0001\000\051}{section.16}% 95
\BOOKMARK [1][-]{section.17}{\376\377\000G\000r\000a\000m\000m\000a\000t\000i\000c\000h\000e\000\040\000L\000R\000\050\000k\000\051}{}% 96
\BOOKMARK [2][-]{subsection.17.1}{\376\377\000G\000r\000a\000m\000m\000a\000t\000i\000c\000h\000e\000\040\000S\000L\000R\000\050\000k\000\051}{section.17}% 97
\BOOKMARK [2][-]{subsection.17.2}{\376\377\000G\000r\000a\000m\000m\000a\000t\000i\000c\000h\000e\000\040\000L\000A\000L\000R\000\050\000k\000\051}{section.17}% 98
\BOOKMARK [2][-]{subsection.17.3}{\376\377\000C\000l\000a\000s\000s\000i\000f\000i\000c\000a\000z\000i\000o\000n\000e\000\040\000d\000e\000i\000\040\000l\000i\000n\000g\000u\000a\000g\000g\000i}{section.17}% 99
\BOOKMARK [2][-]{subsection.17.4}{\376\377\000G\000e\000n\000e\000r\000a\000t\000o\000r\000i\000\040\000d\000i\000\040\000a\000n\000a\000l\000i\000z\000z\000a\000t\000o\000r\000i\000\040\000s\000i\000n\000t\000a\000t\000t\000i\000c\000i}{section.17}% 100
\BOOKMARK [2][-]{subsection.17.5}{\376\377\000S\000t\000r\000u\000t\000t\000u\000r\000a\000\040\000d\000i\000\040\000u\000n\000\040\000f\000i\000l\000e\000\040\000Y\000A\000C\000C}{section.17}% 101
\BOOKMARK [2][-]{subsection.17.6}{\376\377\000L\000'\000a\000z\000i\000o\000n\000e\000\040\000s\000e\000m\000a\000n\000t\000i\000c\000a}{section.17}% 102
\BOOKMARK [2][-]{subsection.17.7}{\376\377\000G\000e\000n\000e\000r\000a\000z\000i\000o\000n\000e\000\040\000d\000i\000\040\000u\000n\000\040\000i\000n\000t\000e\000r\000p\000r\000e\000t\000e\000\040\000p\000e\000r\000\040\000e\000s\000p\000r\000e\000s\000s\000i\000o\000n\000i\000\040\000a\000r\000i\000t\000m\000e\000t\000i\000c\000h\000e}{section.17}% 103
\BOOKMARK [1][-]{section.18}{\376\377\000F\000o\000n\000d\000a\000m\000e\000n\000t\000i\000:\000\040\000c\000e\000n\000n\000i\000\040\000s\000u\000\040\000c\000a\000l\000c\000o\000l\000a\000b\000i\000l\000i\000t\000a\000'}{}% 104
\BOOKMARK [2][-]{subsection.18.1}{\376\377\000P\000r\000o\000c\000e\000d\000u\000r\000a\000\040\000d\000i\000\040\000d\000e\000c\000i\000s\000i\000o\000n\000e}{section.18}% 105
\BOOKMARK [2][-]{subsection.18.2}{\376\377\000P\000r\000o\000c\000e\000d\000u\000r\000a\000\040\000d\000i\000\040\000s\000e\000m\000i\000-\000d\000e\000c\000i\000s\000i\000o\000n\000e}{section.18}% 106
\BOOKMARK [2][-]{subsection.18.3}{\376\377\000P\000r\000o\000p\000r\000i\000e\000t\000a\000'\000\040\000i\000n\000d\000e\000c\000i\000d\000i\000b\000i\000l\000i}{section.18}% 107
\BOOKMARK [2][-]{subsection.18.4}{\376\377\000M\000a\000c\000c\000h\000i\000n\000a\000\040\000d\000i\000\040\000T\000u\000r\000i\000n\000g}{section.18}% 108
\BOOKMARK [2][-]{subsection.18.5}{\376\377\000A\000r\000g\000o\000m\000e\000n\000t\000o\000\040\000d\000i\000\040\000C\000a\000n\000t\000o\000r}{section.18}% 109
\BOOKMARK [2][-]{subsection.18.6}{\376\377\000T\000e\000s\000t\000\040\000d\000i\000\040\000C\000h\000u\000r\000c\000h\000-\000T\000u\000r\000i\000n\000g\000\040\000\050\0001\0009\0003\0006\000-\0001\0009\0003\0007\000\051}{section.18}% 110
\BOOKMARK [2][-]{subsection.18.7}{\376\377\000G\000e\000r\000a\000r\000c\000h\000i\000a\000\040\000d\000i\000\040\000m\000a\000c\000c\000h\000i\000n\000a}{section.18}% 111
