\BOOKMARK [1][-]{section.1}{\376\377\000I\000\040\000s\000e\000t\000\040\000d\000i\000\040\000c\000a\000r\000a\000t\000t\000e\000r\000i}{}% 1
\BOOKMARK [1][-]{section.2}{\376\377\000M\000a\000r\000k\000u\000p}{}% 2
\BOOKMARK [2][-]{subsection.2.1}{\376\377\000F\000o\000r\000m\000a\000t\000i\000\040\000p\000e\000r\000\040\000s\000t\000r\000u\000t\000t\000u\000r\000e\000\040\000d\000i\000\040\000d\000a\000t\000i}{section.2}% 3
\BOOKMARK [2][-]{subsection.2.2}{\376\377\000L\000i\000n\000g\000u\000a\000g\000g\000i\000\040\000d\000i\000\040\000m\000a\000r\000k\000u\000p}{section.2}% 4
\BOOKMARK [1][-]{section.3}{\376\377\000H\000T\000M\000L}{}% 5
\BOOKMARK [2][-]{subsection.3.1}{\376\377\000A\000t\000t\000r\000i\000b\000u\000t\000i\000\040\000g\000l\000o\000b\000a\000l\000i}{section.3}% 6
\BOOKMARK [1][-]{section.4}{\376\377\000C\000S\000S}{}% 7
\BOOKMARK [2][-]{subsection.4.1}{\376\377\000C\000a\000s\000c\000a\000d\000i\000n\000g\000\040\000S\000t\000y\000l\000e\000\040\000S\000h\000e\000e\000t}{section.4}% 8
\BOOKMARK [2][-]{subsection.4.2}{\376\377\000P\000r\000o\000p\000r\000i\000e\000t\000\340}{section.4}% 9
\BOOKMARK [1][-]{section.5}{\376\377\000U\000n\000i\000f\000o\000r\000m\000\040\000R\000e\000s\000o\000u\000r\000c\000e\000\040\000I\000d\000e\000n\000t\000i\000f\000i\000e\000r\000\040\000\050\000U\000R\000I\000\051}{}% 10
\BOOKMARK [1][-]{section.6}{\376\377\000H\000y\000p\000e\000r\000T\000e\000x\000t\000\040\000T\000r\000a\000n\000s\000f\000e\000r\000\040\000P\000r\000o\000t\000o\000c\000o\000l}{}% 11
\BOOKMARK [2][-]{subsection.6.1}{\376\377\000I\000\040\000m\000e\000t\000o\000d\000i\000\040\000d\000i\000\040\000H\000T\000T\000P}{section.6}% 12
\BOOKMARK [2][-]{subsection.6.2}{\376\377\000R\000E\000S\000T}{section.6}% 13
\BOOKMARK [1][-]{section.7}{\376\377\000I\000n\000t\000r\000o\000d\000u\000z\000i\000o\000n\000e\000\040\000a\000\040\000J\000a\000v\000a\000s\000c\000r\000i\000p\000t}{}% 14
\BOOKMARK [2][-]{subsection.7.1}{\376\377\000T\000i\000p\000i\000\040\000d\000i\000\040\000d\000a\000t\000o}{section.7}% 15
\BOOKMARK [2][-]{subsection.7.2}{\376\377\000O\000g\000g\000e\000t\000t\000i\000\040\000P\000r\000e\000d\000e\000f\000i\000n\000i\000t\000i}{section.7}% 16
\BOOKMARK [2][-]{subsection.7.3}{\376\377\000J\000s\000o\000n}{section.7}% 17
\BOOKMARK [2][-]{subsection.7.4}{\376\377\000J\000a\000v\000a\000s\000c\000r\000i\000p\000t\000\040\000c\000l\000i\000e\000n\000t\000-\000s\000i\000d\000e}{section.7}% 18
\BOOKMARK [2][-]{subsection.7.5}{\376\377\000I\000l\000\040\000D\000o\000c\000u\000m\000e\000n\000t\000\040\000O\000b\000j\000e\000c\000t\000\040\000M\000o\000d\000e\000l\000\040\000\050\000D\000O\000M\000\051}{section.7}% 19
\BOOKMARK [2][-]{subsection.7.6}{\376\377\000O\000g\000g\000e\000t\000t\000i\000\040\000d\000e\000l\000\040\000D\000O\000M}{section.7}% 20
\BOOKMARK [2][-]{subsection.7.7}{\376\377\000D\000O\000M\000\040\000N\000o\000d\000e}{section.7}% 21
\BOOKMARK [2][-]{subsection.7.8}{\376\377\000D\000O\000M\000\040\000E\000l\000e\000m\000e\000n\000t}{section.7}% 22
\BOOKMARK [2][-]{subsection.7.9}{\376\377\000N\000a\000v\000i\000g\000a\000r\000e\000\040\000s\000u\000l\000\040\000D\000O\000M}{section.7}% 23
\BOOKMARK [1][-]{section.8}{\376\377\000A\000p\000p\000r\000o\000f\000o\000n\000d\000i\000m\000e\000n\000t\000i\000\040\000s\000u\000\040\000H\000T\000T\000P}{}% 24
\BOOKMARK [2][-]{subsection.8.1}{\376\377\000H\000T\000T\000P\000/\0002}{section.8}% 25
\BOOKMARK [2][-]{subsection.8.2}{\376\377\000H\000T\000T\000P\000/\0003}{section.8}% 26
\BOOKMARK [2][-]{subsection.8.3}{\376\377\000C\000o\000o\000k\000i\000e\000s}{section.8}% 27
\BOOKMARK [2][-]{subsection.8.4}{\376\377\000H\000e\000a\000d\000e\000r\000s\000\040\000e\000\040\000s\000t\000r\000u\000t\000t\000u\000r\000a\000\040\000d\000e\000i\000\040\000c\000o\000o\000k\000i\000e}{section.8}% 28
\BOOKMARK [2][-]{subsection.8.5}{\376\377\000C\000o\000o\000k\000i\000e\000\040\000d\000i\000\040\000s\000e\000s\000s\000i\000o\000n\000e}{section.8}% 29
\BOOKMARK [2][-]{subsection.8.6}{\376\377\000B\000a\000s\000e\000\040\0006\0004}{section.8}% 30
\BOOKMARK [2][-]{subsection.8.7}{\376\377\000H\000e\000a\000d\000e\000r\000\040\000e\000\040\000P\000a\000y\000l\000o\000a\000d}{section.8}% 31
\BOOKMARK [2][-]{subsection.8.8}{\376\377\000S\000i\000g\000n\000a\000t\000u\000r\000e}{section.8}% 32
\BOOKMARK [2][-]{subsection.8.9}{\376\377\000C\000O\000R\000S}{section.8}% 33
\BOOKMARK [2][-]{subsection.8.10}{\376\377\000H\000T\000T\000P\000\040\000C\000a\000c\000h\000i\000n\000g}{section.8}% 34
\BOOKMARK [1][-]{section.9}{}{}% 35
