\BOOKMARK [1][-]{section.1}{\376\377\000C\000o\000s\000a\000\040\000\350\000\040\000u\000n\000a\000\040\000r\000e\000t\000e\000\040\000d\000i\000\040\000c\000a\000l\000c\000o\000l\000a\000t\000o\000r\000i\000?}{}% 1
\BOOKMARK [2][-]{subsection.1.1}{\376\377\000C\000a\000n\000a\000l\000i\000\040\000d\000i\000\040\000c\000o\000m\000u\000n\000i\000c\000a\000z\000i\000o\000n\000e}{section.1}% 2
\BOOKMARK [2][-]{subsection.1.2}{\376\377\000P\000r\000o\000t\000o\000c\000o\000l\000l\000i\000\040\000d\000i\000\040\000r\000e\000t\000e\000\040\000o\000r\000g\000a\000n\000i\000z\000z\000a\000t\000i\000\040\000a\000\040\000l\000i\000v\000e\000l\000l\000i}{section.1}% 3
\BOOKMARK [1][-]{section.2}{\376\377\000R\000e\000t\000i\000\040\000d\000i\000\040\000r\000e\000t\000i\000\040\000e\000\040\000I\000n\000t\000e\000r\000n\000e\000t\000w\000o\000r\000k\000i\000n\000g}{}% 4
\BOOKMARK [2][-]{subsection.2.1}{\376\377\000I\000n\000t\000e\000r\000n\000e\000t\000\040\000p\000r\000o\000t\000o\000c\000o\000l\000\040\000\050\000I\000P\000\051}{section.2}% 5
\BOOKMARK [2][-]{subsection.2.2}{\376\377\000I\000p\000v\0004}{section.2}% 6
\BOOKMARK [2][-]{subsection.2.3}{\376\377\000S\000u\000b\000n\000e\000t\000w\000o\000r\000k}{section.2}% 7
\BOOKMARK [2][-]{subsection.2.4}{\376\377\000F\000o\000r\000w\000a\000r\000d\000i\000n\000g}{section.2}% 8
\BOOKMARK [2][-]{subsection.2.5}{\376\377\000R\000o\000u\000t\000i\000n\000g}{section.2}% 9
\BOOKMARK [2][-]{subsection.2.6}{\376\377\000P\000r\000o\000t\000o\000c\000o\000l\000l\000o\000\040\000I\000C\000M\000P}{section.2}% 10
\BOOKMARK [2][-]{subsection.2.7}{\376\377\000A\000R\000P\000\040\000e\000\040\000R\000A\000R\000P}{section.2}% 11
\BOOKMARK [2][-]{subsection.2.8}{\376\377\000D\000H\000C\000P}{section.2}% 12
\BOOKMARK [2][-]{subsection.2.9}{\376\377\000I\000P\000v\0006\000\040\000e\000\040\000t\000u\000n\000n\000e\000l\000l\000i\000n\000g\000\040\000I\000P\000v\0004}{section.2}% 13
\BOOKMARK [2][-]{subsection.2.10}{\376\377\000L\000i\000v\000e\000l\000l\000o\000\040\000t\000r\000a\000s\000p\000o\000r\000t\000o\000:\000\040\000T\000C\000P\000\040\000/\000\040\000U\000D\000P}{section.2}% 14
\BOOKMARK [2][-]{subsection.2.11}{\376\377\000C\000o\000n\000t\000r\000o\000l\000l\000o\000\040\000d\000i\000\040\000f\000l\000u\000s\000s\000o\000\040\000e\000\040\000c\000o\000n\000g\000e\000s\000t\000i\000o\000n\000e}{section.2}% 15
\BOOKMARK [2][-]{subsection.2.12}{\376\377\000D\000N\000S\000\040\000e\000\040\000n\000o\000m\000i\000\040\000d\000i\000\040\000d\000o\000m\000i\000n\000i\000o}{section.2}% 16
\BOOKMARK [2][-]{subsection.2.13}{\376\377\000L\000i\000v\000e\000l\000l\000o\000\040\000a\000p\000p\000l\000i\000c\000a\000z\000i\000o\000n\000e}{section.2}% 17
\BOOKMARK [2][-]{subsection.2.14}{\376\377\000S\000e\000r\000v\000i\000z\000i\000\040\000d\000i\000f\000f\000e\000r\000e\000n\000z\000i\000a\000t\000i\000\040\000e\000\040\000I\000n\000t\000e\000r\000n\000e\000t\0002}{section.2}% 18
\BOOKMARK [1][-]{section.3}{\376\377\000S\000i\000c\000u\000r\000e\000z\000z\000a\000\040\000d\000i\000\040\000r\000e\000t\000e}{}% 19
\BOOKMARK [2][-]{subsection.3.1}{\376\377\000R\000S\000A}{section.3}% 20
\BOOKMARK [2][-]{subsection.3.2}{\376\377\000A\000u\000t\000e\000n\000t\000i\000c\000a\000z\000i\000o\000n\000e}{section.3}% 21
\BOOKMARK [3][-]{subsubsection.3.2.1}{\376\377\000D\000i\000g\000i\000t\000a\000l\000\040\000s\000i\000g\000n\000a\000t\000u\000r\000e\000s}{subsection.3.2}% 22
\BOOKMARK [3][-]{subsubsection.3.2.2}{\376\377\000C\000e\000r\000t\000i\000f\000i\000c\000a\000t\000i\000o\000n\000\040\000a\000u\000t\000h\000o\000r\000i\000t\000y}{subsection.3.2}% 23
\BOOKMARK [2][-]{subsection.3.3}{\376\377\000S\000e\000c\000u\000r\000i\000n\000g\000\040\000e\000-\000m\000a\000i\000l}{section.3}% 24
\BOOKMARK [2][-]{subsection.3.4}{\376\377\000S\000e\000c\000u\000r\000i\000n\000g\000\040\000T\000C\000P\000\040\000c\000o\000n\000n\000e\000c\000t\000i\000o\000n\000s\000:\000\040\000S\000S\000L}{section.3}% 25
\BOOKMARK [3][-]{subsubsection.3.4.1}{\376\377\000R\000e\000a\000l\000\040\000S\000S\000L}{subsection.3.4}% 26
\BOOKMARK [2][-]{subsection.3.5}{\376\377\000N\000e\000t\000w\000o\000r\000k\000\040\000l\000a\000y\000e\000r\000\040\000s\000e\000c\000u\000r\000i\000t\000y\000:\000\040\000I\000P\000s\000e\000c}{section.3}% 27
\BOOKMARK [3][-]{subsubsection.3.5.1}{\376\377\000V\000P\000N}{subsection.3.5}% 28
\BOOKMARK [2][-]{subsection.3.6}{\376\377\000S\000e\000c\000u\000r\000i\000n\000g\000\040\000w\000i\000r\000e\000l\000e\000s\000s\000\040\000L\000A\000N\000s}{section.3}% 29
\BOOKMARK [2][-]{subsection.3.7}{\376\377\000O\000p\000e\000r\000a\000t\000i\000o\000n\000a\000l\000\040\000s\000e\000c\000u\000r\000i\000t\000y\000:\000\040\000f\000i\000r\000e\000w\000a\000l\000l\000s\000\040\000a\000n\000d\000\040\000I\000D\000S}{section.3}% 30
\BOOKMARK [3][-]{subsubsection.3.7.1}{\376\377\000F\000i\000r\000e\000w\000a\000l\000l}{subsection.3.7}% 31
\BOOKMARK [3][-]{subsubsection.3.7.2}{\376\377\000I\000D\000S}{subsection.3.7}% 32
\BOOKMARK [1][-]{section.4}{\376\377\000D\000a\000t\000a\000\040\000P\000l\000a\000n\000e}{}% 33
\BOOKMARK [2][-]{subsection.4.1}{\376\377\000N\000e\000t\000w\000o\000r\000k\000\040\000l\000a\000y\000e\000r}{section.4}% 34
\BOOKMARK [3][-]{subsubsection.4.1.1}{\376\377\000D\000a\000t\000a\000\040\000p\000l\000a\000n\000e}{subsection.4.1}% 35
\BOOKMARK [3][-]{subsubsection.4.1.2}{\376\377\000C\000o\000n\000t\000r\000o\000l\000\040\000p\000l\000a\000n\000e}{subsection.4.1}% 36
\BOOKMARK [2][-]{subsection.4.2}{\376\377\000C\000o\000m\000e\000\040\000e\000'\000\040\000f\000a\000t\000t\000o\000\040\000u\000n\000\040\000r\000o\000u\000t\000e\000r}{section.4}% 37
\BOOKMARK [3][-]{subsubsection.4.2.1}{\376\377\000I\000n\000p\000u\000t}{subsection.4.2}% 38
\BOOKMARK [3][-]{subsubsection.4.2.2}{\376\377\000O\000u\000t\000p\000u\000t}{subsection.4.2}% 39
\BOOKMARK [2][-]{subsection.4.3}{\376\377\000I\000n\000t\000e\000r\000n\000e\000t\000\040\000P\000r\000o\000t\000o\000c\000o\000l}{section.4}% 40
\BOOKMARK [3][-]{subsubsection.4.3.1}{\376\377\000D\000a\000t\000a\000g\000r\000a\000m\000\040\000f\000o\000r\000m\000a\000t}{subsection.4.3}% 41
\BOOKMARK [3][-]{subsubsection.4.3.2}{\376\377\000F\000r\000a\000g\000m\000e\000n\000t\000a\000t\000i\000o\000n}{subsection.4.3}% 42
\BOOKMARK [3][-]{subsubsection.4.3.3}{\376\377\000I\000P\000v\0004\000\040\000a\000d\000d\000r\000e\000s\000s\000i\000n\000g}{subsection.4.3}% 43
\BOOKMARK [3][-]{subsubsection.4.3.4}{\376\377\000N\000e\000t\000w\000o\000r\000k\000\040\000a\000d\000d\000r\000e\000s\000s\000\040\000t\000r\000a\000n\000s\000l\000a\000t\000i\000o\000n}{subsection.4.3}% 44
\BOOKMARK [3][-]{subsubsection.4.3.5}{\376\377\000I\000P\000v\0006}{subsection.4.3}% 45
\BOOKMARK [2][-]{subsection.4.4}{\376\377\000G\000e\000n\000e\000r\000a\000l\000i\000z\000e\000d\000\040\000F\000o\000r\000w\000a\000r\000d\000\040\000a\000n\000d\000\040\000S\000D\000N}{section.4}% 46
\BOOKMARK [3][-]{subsubsection.4.4.1}{\376\377\000O\000p\000e\000n\000F\000l\000o\000w\000\040\000d\000a\000t\000a\000\040\000p\000l\000a\000n\000e\000\040\000a\000b\000s\000t\000r\000a\000c\000t\000i\000o\000n}{subsection.4.4}% 47
\BOOKMARK [1][-]{section.5}{\376\377\000C\000o\000n\000t\000r\000o\000l\000\040\000P\000l\000a\000n\000e}{}% 48
