\BOOKMARK [1][-]{section.1}{\376\377\000N\000o\000m\000i\000\040\000e\000\040\000a\000m\000b\000i\000e\000n\000t\000e}{}% 1
\BOOKMARK [2][-]{subsection.1.1}{\376\377\000R\000e\000g\000o\000l\000e\000\040\000d\000i\000\040\000s\000c\000o\000p\000e}{section.1}% 2
\BOOKMARK [1][-]{section.2}{\376\377\000M\000e\000m\000o\000r\000i\000a}{}% 3
\BOOKMARK [2][-]{subsection.2.1}{\376\377\000I\000m\000p\000l\000e\000m\000e\000n\000t\000a\000z\000i\000o\000n\000e\000\040\000d\000e\000l\000l\000e\000\040\000r\000e\000g\000o\000l\000e\000\040\000d\000i\000\040\000[\000s\000e\000c\000:\000s\000c\000o\000p\000e\000]\000s\000c\000o\000p\000e}{section.2}% 4
\BOOKMARK [1][-]{section.3}{\376\377\000C\000o\000n\000t\000r\000o\000l\000l\000o}{}% 5
\BOOKMARK [2][-]{subsection.3.1}{\376\377\000E\000s\000p\000r\000e\000s\000s\000i\000o\000n\000i}{section.3}% 6
\BOOKMARK [2][-]{subsection.3.2}{\376\377\000C\000o\000m\000a\000n\000d\000i}{section.3}% 7
\BOOKMARK [3][-]{subsubsection.3.2.1}{\376\377\000I\000t\000e\000r\000a\000z\000i\000o\000n\000e}{subsection.3.2}% 8
\BOOKMARK [2][-]{subsection.3.3}{\376\377\000R\000i\000c\000o\000r\000s\000i\000o\000n\000e}{section.3}% 9
\BOOKMARK [1][-]{section.4}{\376\377\000S\000o\000t\000t\000o\000p\000r\000o\000g\000r\000a\000m\000m\000i}{}% 10
\BOOKMARK [2][-]{subsection.4.1}{\376\377\000P\000a\000r\000a\000m\000e\000t\000r\000i}{section.4}% 11
\BOOKMARK [2][-]{subsection.4.2}{\376\377\000D\000o\000w\000n\000w\000a\000r\000d\000\040\000f\000u\000n\000a\000r\000g\000\040\000p\000r\000o\000b\000l\000e\000m}{section.4}% 12
\BOOKMARK [2][-]{subsection.4.3}{\376\377\000U\000p\000w\000a\000r\000d\000\040\000f\000u\000n\000a\000r\000g\000\040\000p\000r\000o\000b\000l\000e\000m}{section.4}% 13
\BOOKMARK [2][-]{subsection.4.4}{\376\377\000E\000c\000c\000e\000z\000i\000o\000n\000i}{section.4}% 14
\BOOKMARK [1][-]{section.5}{\376\377\000I\000n\000t\000r\000o\000d\000u\000z\000i\000o\000n\000e\000\040\000a\000i\000\040\000T\000i\000p\000i}{}% 15
\BOOKMARK [1][-]{section.6}{\376\377\000T\000i\000p\000i\000\040\000B\000a\000s\000e\000\040\000e\000\040\000l\040\031\000A\000l\000g\000e\000b\000r\000a\000\040\000d\000e\000i\000\040\000T\000i\000p\000i}{}% 16
\BOOKMARK [1][-]{section.7}{\376\377\000T\000i\000p\000i\000\040\000P\000o\000l\000i\000m\000o\000r\000f\000i}{}% 17
\BOOKMARK [1][-]{section.8}{\376\377\000E\000x\000c\000e\000p\000t\000i\000o\000n\000s}{}% 18
\BOOKMARK [1][-]{section.9}{\376\377\000S\000i\000c\000u\000r\000e\000z\000z\000a\000\040\000d\000e\000l\000l\000a\000\040\000m\000e\000m\000o\000r\000i\000a\000:\000\040\000G\000a\000r\000b\000a\000g\000e\000\040\000c\000o\000l\000l\000e\000c\000t\000i\000o\000n\000\040\000e\000\040\000B\000o\000r\000r\000o\000w\000-\000c\000h\000e\000c\000k\000i\000n\000g}{}% 19
\BOOKMARK [2][-]{subsection.9.1}{\376\377\000T\000o\000m\000b\000s\000t\000o\000n\000e\000s}{section.9}% 20
\BOOKMARK [2][-]{subsection.9.2}{\376\377\000L\000o\000c\000k\000s\000\040\000a\000n\000d\000\040\000K\000e\000y\000s}{section.9}% 21
\BOOKMARK [2][-]{subsection.9.3}{\376\377\000G\000a\000r\000b\000a\000g\000e\000\040\000C\000o\000l\000l\000e\000c\000t\000i\000o\000n}{section.9}% 22
\BOOKMARK [3][-]{subsubsection.9.3.1}{\376\377\000R\000e\000f\000e\000r\000e\000n\000c\000e\000\040\000C\000o\000u\000n\000t}{subsection.9.3}% 23
\BOOKMARK [3][-]{subsubsection.9.3.2}{\376\377\000M\000a\000r\000k\000\040\000a\000n\000d\000\040\000S\000w\000e\000e\000p}{subsection.9.3}% 24
\BOOKMARK [3][-]{subsubsection.9.3.3}{\376\377\000S\000t\000o\000p\000\040\000a\000n\000d\000\040\000C\000o\000p\000y}{subsection.9.3}% 25
\BOOKMARK [3][-]{subsubsection.9.3.4}{\376\377\000B\000o\000r\000r\000o\000w\000\040\000c\000h\000e\000c\000k\000i\000n\000g}{subsection.9.3}% 26
\BOOKMARK [2][-]{subsection.9.4}{\376\377\000L\000i\000f\000e\000t\000i\000m\000e\000s}{section.9}% 27
\BOOKMARK [1][-]{section.10}{\376\377\000T\000i\000p\000i\000\040\000d\000i\000\040\000D\000a\000t\000o\000\040\000A\000s\000t\000r\000a\000t\000t\000o\000\040\000e\000\040\000O\000b\000j\000e\000c\000t\000\040\000O\000r\000i\000e\000n\000t\000a\000t\000i\000o\000n}{}% 28
\BOOKMARK [2][-]{subsection.10.1}{\376\377\000A\000b\000s\000t\000r\000a\000c\000t\000\040\000D\000a\000t\000a\000\040\000T\000y\000p\000e}{section.10}% 29
\BOOKMARK [2][-]{subsection.10.2}{\376\377\000O\000g\000g\000e\000t\000t\000i\000\040\000E\000s\000i\000s\000t\000e\000n\000z\000i\000a\000l\000i}{section.10}% 30
\BOOKMARK [2][-]{subsection.10.3}{\376\377\000C\000l\000a\000s\000s\000i}{section.10}% 31
\BOOKMARK [2][-]{subsection.10.4}{\376\377\000P\000r\000o\000t\000o\000t\000i\000p\000i}{section.10}% 32
\BOOKMARK [2][-]{subsection.10.5}{\376\377\000I\000n\000t\000e\000r\000f\000a\000c\000c\000e}{section.10}% 33
\BOOKMARK [2][-]{subsection.10.6}{\376\377\000E\000r\000e\000d\000i\000t\000a\000r\000i\000e\000t\000\340}{section.10}% 34
\BOOKMARK [3][-]{subsubsection.10.6.1}{\376\377\000S\000h\000a\000d\000o\000w\000i\000n\000g}{subsection.10.6}% 35
\BOOKMARK [3][-]{subsubsection.10.6.2}{\376\377\000O\000v\000e\000r\000r\000i\000d\000i\000n\000g\000\040\000d\000e\000i\000\040\000M\000e\000t\000o\000d\000i}{subsection.10.6}% 36
\BOOKMARK [2][-]{subsection.10.7}{\376\377\000C\000o\000s\000t\000r\000u\000t\000t\000o\000r\000i}{section.10}% 37
\BOOKMARK [2][-]{subsection.10.8}{\376\377\000D\000i\000s\000p\000a\000t\000c\000h\000\040\000D\000i\000n\000a\000m\000i\000c\000o\000\040\000d\000e\000i\000\040\000M\000e\000t\000o\000d\000i}{section.10}% 38
\BOOKMARK [2][-]{subsection.10.9}{\376\377\000M\000e\000t\000o\000d\000i\000\040\000S\000t\000a\000t\000i\000c\000i}{section.10}% 39
\BOOKMARK [2][-]{subsection.10.10}{\376\377\000A\000s\000p\000e\000t\000t\000i\000\040\000d\000i\000\040\000I\000m\000p\000l\000e\000m\000e\000n\000t\000a\000z\000i\000o\000n\000e}{section.10}% 40
\BOOKMARK [3][-]{subsubsection.10.10.1}{\376\377\000O\000g\000g\000e\000t\000t\000i}{subsection.10.10}% 41
\BOOKMARK [3][-]{subsubsection.10.10.2}{\376\377\000E\000r\000e\000d\000i\000t\000a\000r\000i\000e\000t\000\340\000\040\000S\000i\000n\000g\000o\000l\000a}{subsection.10.10}% 42
\BOOKMARK [3][-]{subsubsection.10.10.3}{\376\377\000D\000y\000n\000a\000m\000i\000c\000\040\000M\000e\000t\000h\000o\000d\000\040\000D\000i\000s\000p\000a\000t\000c\000h\000\040\000\050\000J\000V\000M\000\051}{subsection.10.10}% 43
